DEBUG:root:Order:2 3 10.0
DEBUG:root:Finish turn

DEBUG:root:Order:2 4 10.0
DEBUG:root:Finish turn

DEBUG:root:Order:2 19 15.0
DEBUG:root:Finish turn

DEBUG:root:Order:2 20 15.0
DEBUG:root:Order:2 4 32
DEBUG:root:Finish turn

DEBUG:root:Order:2 15 20.0
DEBUG:root:Bad order:4 3.0 8
DEBUG:root:Finish turn

DEBUG:root:Order:2 16 20.0
DEBUG:root:Order:4 0 26.0
DEBUG:root:Order:4 2 4
DEBUG:root:Finish turn

DEBUG:root:Order:2 4 1
DEBUG:root:Finish turn

DEBUG:root:Order:2 19 6
DEBUG:root:Order:4 19 2
DEBUG:root:Finish turn

DEBUG:root:Order:2 19 10
DEBUG:root:Order:4 19 7
DEBUG:root:Finish turn

DEBUG:root:Order:2 19 3
DEBUG:root:Finish turn

DEBUG:root:Order:2 19 1
DEBUG:root:Order:2 4 2
DEBUG:root:Finish turn

DEBUG:root:Order:2 15 4
DEBUG:root:Order:4 15 3
DEBUG:root:Finish turn

DEBUG:root:Order:2 15 1
DEBUG:root:Order:2 19 1
DEBUG:root:Order:2 4 2
DEBUG:root:Finish turn

DEBUG:root:Order:2 19 1
DEBUG:root:Order:4 19 1
DEBUG:root:Finish turn

DEBUG:root:Order:2 19 1
DEBUG:root:Order:2 4 2
DEBUG:root:Finish turn

DEBUG:root:Order:2 19 1
DEBUG:root:Finish turn

DEBUG:root:Order:2 19 2
DEBUG:root:Finish turn

DEBUG:root:Order:19 9 40.0
DEBUG:root:Order:2 19 13
DEBUG:root:Order:15 19 11
DEBUG:root:Order:4 19 9
DEBUG:root:Finish turn

DEBUG:root:Order:2 0 13
DEBUG:root:Order:15 0 11
DEBUG:root:Order:4 0 10
DEBUG:root:Bad order:19 4.0 9
DEBUG:root:Finish turn

DEBUG:root:Bad order:19 6.0 7
DEBUG:root:Order:2 0 2
DEBUG:root:Finish turn

DEBUG:root:Order:19 0 6
DEBUG:root:Order:2 0 3
DEBUG:root:Order:15 0 1
DEBUG:root:Order:15 4 1
DEBUG:root:Finish turn

DEBUG:root:Order:2 0 2
DEBUG:root:Order:2 19 1
DEBUG:root:Finish turn

DEBUG:root:Order:2 0 1
DEBUG:root:Order:2 19 1
DEBUG:root:Order:2 4 2
DEBUG:root:Finish turn

DEBUG:root:Order:2 0 1
DEBUG:root:Order:2 19 1
DEBUG:root:Finish turn

DEBUG:root:Order:19 10 40.0
DEBUG:root:Order:2 19 9
DEBUG:root:Order:15 19 9
DEBUG:root:Order:4 19 8
DEBUG:root:Order:0 19 5
DEBUG:root:Finish turn

DEBUG:root:Order:2 19 3
DEBUG:root:Order:15 19 1
DEBUG:root:Order:15 0 1
DEBUG:root:Finish turn

DEBUG:root:Order:2 19 2
DEBUG:root:Order:2 4 2
DEBUG:root:Finish turn

DEBUG:root:Order:2 19 1
DEBUG:root:Order:4 19 1
DEBUG:root:Finish turn

DEBUG:root:Order:2 9 7
DEBUG:root:Order:15 9 5
DEBUG:root:Order:4 9 4
DEBUG:root:Order:19 9 3
DEBUG:root:Finish turn

DEBUG:root:Order:2 19 1
DEBUG:root:Order:2 4 2
DEBUG:root:Finish turn

DEBUG:root:Order:2 19 5
DEBUG:root:Order:4 19 4
DEBUG:root:Order:15 19 4
DEBUG:root:Order:9 19 2
DEBUG:root:Finish turn

DEBUG:root:Order:2 0 8
DEBUG:root:Order:15 0 6
DEBUG:root:Order:4 0 5
DEBUG:root:Order:9 0 5
DEBUG:root:Finish turn

DEBUG:root:Order:2 0 2
DEBUG:root:Order:2 19 1
DEBUG:root:Order:2 4 2
DEBUG:root:Finish turn

DEBUG:root:Order:4 0 1
DEBUG:root:Order:4 19 1
DEBUG:root:Order:4 9 1
DEBUG:root:Order:15 9 1
DEBUG:root:Finish turn

DEBUG:root:Order:2 0 1
DEBUG:root:Order:2 4 1
DEBUG:root:Order:2 19 1
DEBUG:root:Finish turn

DEBUG:root:Order:2 0 2
DEBUG:root:Order:2 19 2
DEBUG:root:Order:2 4 1
DEBUG:root:Finish turn

DEBUG:root:Order:15 9 12
DEBUG:root:Order:2 9 10
DEBUG:root:Order:4 9 9
DEBUG:root:Order:0 9 8
DEBUG:root:Order:19 9 8
DEBUG:root:Finish turn

DEBUG:root:Order:2 0 1
DEBUG:root:Order:2 19 1
DEBUG:root:Order:2 4 2
DEBUG:root:Finish turn

DEBUG:root:Order:2 0 1
DEBUG:root:Order:2 19 1
DEBUG:root:Order:2 9 1
DEBUG:root:Order:4 9 1
DEBUG:root:Order:15 9 1
DEBUG:root:Finish turn

DEBUG:root:Order:9 0 2
DEBUG:root:Order:9 19 2
DEBUG:root:Finish turn

DEBUG:root:Order:2 19 10
DEBUG:root:Order:15 19 8
DEBUG:root:Order:4 19 6
DEBUG:root:Order:0 19 5
DEBUG:root:Order:9 19 4
DEBUG:root:Finish turn

DEBUG:root:Order:2 19 3
DEBUG:root:Order:2 0 1
DEBUG:root:Finish turn

DEBUG:root:Order:2 0 1
DEBUG:root:Order:2 19 1
DEBUG:root:Order:2 4 1
DEBUG:root:Order:15 4 1
DEBUG:root:Finish turn

DEBUG:root:Order:2 10 7
DEBUG:root:Order:4 10 7
DEBUG:root:Order:15 10 7
DEBUG:root:Order:9 10 5
DEBUG:root:Order:0 10 4
DEBUG:root:Order:19 10 4
DEBUG:root:Finish turn

DEBUG:root:Order:2 10 2
DEBUG:root:Order:2 0 1
DEBUG:root:Order:2 19 1
DEBUG:root:Finish turn

DEBUG:root:Order:19 5 46.0
DEBUG:root:Order:2 19 8
DEBUG:root:Order:15 19 8
DEBUG:root:Order:4 19 6
DEBUG:root:Order:9 19 6
DEBUG:root:Order:10 19 6
DEBUG:root:Order:0 19 5
DEBUG:root:Finish turn

DEBUG:root:Order:2 19 3
DEBUG:root:Order:2 0 1
DEBUG:root:Finish turn

DEBUG:root:Order:9 11 54.0
DEBUG:root:Order:2 9 9
DEBUG:root:Order:15 9 9
DEBUG:root:Order:4 9 7
DEBUG:root:Order:10 9 7
DEBUG:root:Order:0 9 6
DEBUG:root:Order:19 9 6
DEBUG:root:Finish turn

DEBUG:root:Order:2 0 7
DEBUG:root:Order:15 0 5
DEBUG:root:Order:4 0 4
DEBUG:root:Order:19 0 3
DEBUG:root:Order:9 0 1
DEBUG:root:Finish turn

DEBUG:root:Order:2 0 3
DEBUG:root:Order:2 19 3
DEBUG:root:Order:15 19 1
DEBUG:root:Finish turn

DEBUG:root:Order:19 0 1
DEBUG:root:Finish turn

DEBUG:root:Order:2 4 15
DEBUG:root:Order:15 4 14
DEBUG:root:Order:9 4 12
DEBUG:root:Order:19 4 12
DEBUG:root:Order:0 4 10
DEBUG:root:Finish turn

DEBUG:root:Order:2 0 1
DEBUG:root:Order:2 19 1
DEBUG:root:Order:2 4 2
DEBUG:root:Finish turn

DEBUG:root:Order:2 5 13
DEBUG:root:Order:4 5 13
DEBUG:root:Order:15 5 13
DEBUG:root:Order:9 5 11
DEBUG:root:Order:0 5 10
DEBUG:root:Order:19 5 10
DEBUG:root:Finish turn

DEBUG:root:Order:2 5 2
DEBUG:root:Order:2 0 3
DEBUG:root:Order:15 0 1
DEBUG:root:Finish turn

DEBUG:root:Order:0 19 1
DEBUG:root:Order:5 19 1
DEBUG:root:Order:5 4 1
DEBUG:root:Finish turn

DEBUG:root:Order:2 19 2
DEBUG:root:Order:2 0 1
DEBUG:root:Order:2 9 1
DEBUG:root:Order:2 4 2
DEBUG:root:Order:5 4 1
DEBUG:root:Finish turn

DEBUG:root:Order:5 19 2
DEBUG:root:Order:5 2 1
DEBUG:root:Order:5 9 1
DEBUG:root:Finish turn

DEBUG:root:Order:2 11 4
DEBUG:root:Order:4 11 3
DEBUG:root:Order:5 11 3
DEBUG:root:Order:15 11 3
DEBUG:root:Order:9 11 1
DEBUG:root:Finish turn

DEBUG:root:Order:4 14 62.0
DEBUG:root:Order:2 4 13
DEBUG:root:Order:5 4 13
DEBUG:root:Bad order:11 5.0 11
DEBUG:root:Order:15 4 11
DEBUG:root:Bad order:9 0.0 10
DEBUG:root:Finish turn

DEBUG:root:Bad order:11 9.0 16
DEBUG:root:Order:2 9 6
DEBUG:root:Order:5 9 6
DEBUG:root:Order:15 9 4
DEBUG:root:Order:0 9 2
DEBUG:root:Finish turn

DEBUG:root:Order:11 4 12
DEBUG:root:Bad order:11 5.0 6
DEBUG:root:Order:11 19 5
DEBUG:root:Bad order:11 0.0 1
DEBUG:root:Finish turn

DEBUG:root:Order:5 8 64.0
DEBUG:root:Order:2 5 13
DEBUG:root:Bad order:11 7.0 10
DEBUG:root:Order:15 5 9
DEBUG:root:Order:4 5 7
DEBUG:root:Order:19 5 6
DEBUG:root:Order:0 5 5
DEBUG:root:Order:9 5 1
DEBUG:root:Finish turn

DEBUG:root:Order:11 5 7
DEBUG:root:Order:11 0 1
DEBUG:root:Order:11 19 1
DEBUG:root:Bad order:11 5.0 11
DEBUG:root:Order:2 4 2
DEBUG:root:Finish turn

DEBUG:root:Bad order:11 9.0 12
DEBUG:root:Order:2 15 11
DEBUG:root:Order:5 15 10
DEBUG:root:Order:4 15 9
DEBUG:root:Order:9 15 7
DEBUG:root:Order:0 15 6
DEBUG:root:Order:19 15 6
DEBUG:root:Finish turn

DEBUG:root:Order:11 15 13
DEBUG:root:Order:2 15 2
DEBUG:root:Order:2 0 1
DEBUG:root:Order:2 19 1
DEBUG:root:Order:2 4 2
DEBUG:root:Order:5 4 2
DEBUG:root:Finish turn

DEBUG:root:Order:4 0 2
DEBUG:root:Order:4 19 2
DEBUG:root:Order:4 2 1
DEBUG:root:Order:4 9 1
DEBUG:root:Order:4 15 2
DEBUG:root:Order:5 15 2
DEBUG:root:Order:11 15 1
DEBUG:root:Finish turn

DEBUG:root:Order:4 17 69.0
DEBUG:root:Order:15 4 13
DEBUG:root:Order:5 4 11
DEBUG:root:Order:2 4 10
DEBUG:root:Order:11 4 10
DEBUG:root:Order:9 4 7
DEBUG:root:Order:0 4 6
DEBUG:root:Order:19 4 6
DEBUG:root:Finish turn

DEBUG:root:Order:2 4 2
DEBUG:root:Order:5 4 2
DEBUG:root:Order:5 0 1
DEBUG:root:Order:5 9 2
DEBUG:root:Order:11 9 1
DEBUG:root:Finish turn

DEBUG:root:Bad order:2 9.0 13
DEBUG:root:Order:9 14 12
DEBUG:root:Bad order:11 8.0 12
DEBUG:root:Order:15 14 11
DEBUG:root:Order:5 14 10
DEBUG:root:Order:4 14 9
DEBUG:root:Order:0 14 8
DEBUG:root:Finish turn

DEBUG:root:Order:2 14 14
DEBUG:root:Order:11 14 11
DEBUG:root:Bad order:11 1.0 2
DEBUG:root:Order:11 4 1
DEBUG:root:Bad order:11 0.0 1
DEBUG:root:Bad order:11 0.0 12
DEBUG:root:Order:5 15 1
DEBUG:root:Finish turn

DEBUG:root:Order:2 0 3
DEBUG:root:Order:11 0 1
DEBUG:root:Order:11 9 2
DEBUG:root:Order:11 4 1
DEBUG:root:Finish turn

DEBUG:root:Order:2 4 1
DEBUG:root:Order:2 9 1
DEBUG:root:Order:2 11 1
DEBUG:root:Finish turn

DEBUG:root:Order:14 4 1
DEBUG:root:Order:14 9 1
DEBUG:root:Finish turn

DEBUG:root:Order:2 11 14
DEBUG:root:Order:14 11 13
DEBUG:root:Order:15 11 12
DEBUG:root:Order:4 11 10
DEBUG:root:Order:9 11 10
DEBUG:root:Finish turn

DEBUG:root:Order:2 4 1
DEBUG:root:Order:2 9 1
DEBUG:root:Order:2 11 1
DEBUG:root:Finish turn

DEBUG:root:Order:15 18 69.0
DEBUG:root:Order:11 15 15
DEBUG:root:Order:14 15 15
DEBUG:root:Bad order:2 7.0 14
DEBUG:root:Order:9 15 12
DEBUG:root:Finish turn

DEBUG:root:Bad order:2 12.0 14
DEBUG:root:Bad order:8 1.0 3
DEBUG:root:Finish turn

DEBUG:root:Bad order:2 17.0 18
DEBUG:root:Order:2 15 12
DEBUG:root:Finish turn

DEBUG:root:Order:2 8 9
DEBUG:root:Order:17 8 5
DEBUG:root:Order:11 8 4
DEBUG:root:Order:14 8 3
DEBUG:root:Order:14 15 1
DEBUG:root:Finish turn

DEBUG:root:Order:2 8 1
DEBUG:root:Order:17 8 1
DEBUG:root:Order:17 15 1
DEBUG:root:Finish turn

DEBUG:root:Order:14 21 76.0
DEBUG:root:Bad order:2 10.0 17
DEBUG:root:Order:11 14 16
DEBUG:root:Order:15 14 15
DEBUG:root:Bad order:8 5.0 12
DEBUG:root:Finish turn

DEBUG:root:Bad order:2 15.0 18
DEBUG:root:Bad order:8 6.0 9
DEBUG:root:Finish turn

DEBUG:root:Bad order:8 7.0 15
DEBUG:root:Order:11 14 9
DEBUG:root:Order:15 14 7
DEBUG:root:Finish turn

DEBUG:root:Bad order:8 8.0 11
DEBUG:root:Order:8 14 3
DEBUG:root:Finish turn

DEBUG:root:Bad order:8 6.0 7
DEBUG:root:Order:11 2 1
DEBUG:root:Finish turn

DEBUG:root:Order:8 2 5
DEBUG:root:Order:11 2 1
DEBUG:root:Finish turn

DEBUG:root:Order:11 22 76.0
DEBUG:root:Bad order:8 7.0 36
DEBUG:root:Finish turn

DEBUG:root:Bad order:8 8.0 28
DEBUG:root:Bad order:8 8.0 12
DEBUG:root:Finish turn

DEBUG:root:Bad order:8 14.0 44
DEBUG:root:Finish turn

DEBUG:root:Bad order:8 25.0 43
DEBUG:root:Finish turn

DEBUG:root:Bad order:8 27.0 42
DEBUG:root:Finish turn

DEBUG:root:Bad order:8 28.0 41
DEBUG:root:Finish turn

DEBUG:root:Bad order:8 32.0 40
DEBUG:root:Finish turn

DEBUG:root:Finish turn

DEBUG:root:Finish turn

DEBUG:root:Bad order:8 35.0 50
DEBUG:root:Finish turn

DEBUG:root:Bad order:8 36.0 49
DEBUG:root:Finish turn

DEBUG:root:Bad order:8 14.0 48
DEBUG:root:Finish turn

DEBUG:root:Bad order:8 15.0 29
DEBUG:root:Finish turn

DEBUG:root:Bad order:8 16.0 34
DEBUG:root:Finish turn

DEBUG:root:Bad order:8 17.0 40
DEBUG:root:Finish turn

DEBUG:root:Finish turn

DEBUG:root:Finish turn

DEBUG:root:Finish turn

DEBUG:root:Finish turn

DEBUG:root:Finish turn

DEBUG:root:Finish turn

DEBUG:root:Finish turn

DEBUG:root:Finish turn

DEBUG:root:Finish turn

DEBUG:root:Finish turn

DEBUG:root:Finish turn

DEBUG:root:Finish turn

DEBUG:root:Finish turn

DEBUG:root:Finish turn

DEBUG:root:Finish turn

DEBUG:root:Finish turn

